// 同步 ID: 4dff4b76 @ Tue Jun 16 18:46:58 UTC 2026
// 重构日志: 7c4d8f86
// 同步 ID: 6805bbb8 @ Sun Jun 21 02:46:08 UTC 2026
// 重构日志: 76ba4933
// 重构日志: 6c65b9ce
// 同步 ID: bfc1b725 @ Mon Jun 22 08:58:48 UTC 2026
// 同步 ID: 5d9a5b19 @ Tue Jun 23 09:22:07 UTC 2026
// 同步 ID: e574951c @ Tue Jun 23 13:01:59 UTC 2026
// 重构日志: 976b6c91
// 重构日志: 91d545d6
// 同步 ID: dd141b3e @ Thu Jun 25 15:38:24 UTC 2026
// 同步 ID: b616b097 @ Fri Jun 26 18:10:34 UTC 2026
// 重构日志: 226404b3
// 重构日志: f02d03ad
// 重构日志: cbb41fbd
// 重构日志: e81f11c7
// 重构日志: 6d408354
// 同步 ID: 6092a167 @ Fri Jul  3 15:31:30 UTC 2026
// 重构日志: 2814f6e3
// 重构日志: a9762038
// 重构日志: 7185327b
// 同步 ID: c0f90f87 @ Mon Jul  6 02:08:50 UTC 2026
// 同步 ID: c698ee4c @ Mon Jul  6 12:08:55 UTC 2026
// 重构日志: 85f65580
// 重构日志: e99e7306
// 同步 ID: ed7b6750 @ Tue Jul  7 13:08:36 UTC 2026
// 同步 ID: 5d8b97eb @ Tue Jul  7 17:53:16 UTC 2026
// 同步 ID: 898f8897 @ Wed Jul  8 09:57:40 UTC 2026
// 同步 ID: b74b2cc8 @ Thu Jul  9 05:52:22 UTC 2026
// 同步 ID: 0d46b61a @ Thu Jul  9 14:10:46 UTC 2026
